<?xml version="1.0" encoding="UTF-8"?>
<!-- Generated by org.testng.reporters.JUnitReportReporter -->
<testsuite hostname="HALU" failures="0" tests="1" name="testCases.TC002_LoginTest" time="1.499" errors="0" timestamp="2025-07-10T21:38:26 IST" skipped="0">
  <testcase classname="testCases.TC002_LoginTest" name="verify_Login" time="1.499"/>
</testsuite> <!-- testCases.TC002_LoginTest -->
