<?xml version="1.0" encoding="UTF-8"?>
<!-- Generated by org.testng.reporters.JUnitReportReporter -->
<testsuite hostname="HALU" failures="0" tests="1" name="testCases.TC001_AccountRegistrationTest" time="1.826" errors="0" timestamp="2025-07-10T21:38:26 IST" skipped="0">
  <testcase classname="testCases.TC001_AccountRegistrationTest" name="verify_account_registration" time="1.826"/>
</testsuite> <!-- testCases.TC001_AccountRegistrationTest -->
